/home/tau/ochabane/onera_468_crm_wall_distribution_regression_challenge_v2/utils/train_simple_gnn.py:51: UserWarning: The given NumPy array is not writable, and PyTorch does not support non-writable tensors. This means writing to this tensor will result in undefined behavior. You may want to copy the array to protect its data or make it writable before converting it to a tensor. This type of warning will be suppressed for the rest of this program. (Triggered internally at /pytorch/torch/csrc/utils/tensor_numpy.cpp:213.)
  coords = torch.from_numpy(np.asarray(X[:NWALLP, :3])).float()
[I 2026-08-01 19:22:15,227] Using an existing study with name 'simple_gnn_splitv3' instead of creating a new one.
[I 2026-08-01 20:09:10,756] Trial 51 finished with value: 0.0024144815097315586 and parameters: {'hidden_dim': 64, 'n_layers': 5, 'lr': 0.0067347860708545995, 'dropout': 0.09935855622428498, 'weight_decay': 5.274452710116831e-06}. Best is trial 8 with value: 0.0013314902689671726.
[I 2026-08-01 21:10:19,885] Trial 52 finished with value: 0.001164066684395948 and parameters: {'hidden_dim': 64, 'n_layers': 5, 'lr': 0.0020900516244633854, 'dropout': 0.06609130049699566, 'weight_decay': 1.3707483439908248e-06}. Best is trial 52 with value: 0.001164066684395948.
[I 2026-08-01 21:45:28,317] Trial 53 finished with value: 0.001516840276963194 and parameters: {'hidden_dim': 64, 'n_layers': 4, 'lr': 0.0018766545471261317, 'dropout': 0.060876788669120024, 'weight_decay': 1.2605701527131488e-06}. Best is trial 52 with value: 0.001164066684395948.
[I 2026-08-01 22:32:19,153] Trial 54 finished with value: 0.0011843560405395692 and parameters: {'hidden_dim': 64, 'n_layers': 4, 'lr': 0.002115356584423254, 'dropout': 0.005884756011894099, 'weight_decay': 1.4539181854783777e-06}. Best is trial 52 with value: 0.001164066684395948.
[I 2026-08-01 23:16:02,513] Trial 55 finished with value: 0.0014127641279628733 and parameters: {'hidden_dim': 64, 'n_layers': 4, 'lr': 0.003162935635289976, 'dropout': 0.000743113699067475, 'weight_decay': 1.9166161647586317e-06}. Best is trial 52 with value: 0.001164066684395948.
[I 2026-08-02 00:13:06,786] Trial 56 finished with value: 0.0013703810300285113 and parameters: {'hidden_dim': 64, 'n_layers': 5, 'lr': 0.002325980647590945, 'dropout': 0.024175779388222015, 'weight_decay': 1.35572000251242e-06}. Best is trial 52 with value: 0.001164066684395948.
[I 2026-08-02 00:59:57,567] Trial 57 finished with value: 0.0012129326205467805 and parameters: {'hidden_dim': 64, 'n_layers': 4, 'lr': 0.0011085287462220144, 'dropout': 0.04589892321731892, 'weight_decay': 2.236155808901941e-06}. Best is trial 52 with value: 0.001164066684395948.
[I 2026-08-02 02:01:06,450] Trial 58 finished with value: 0.0013182196153138648 and parameters: {'hidden_dim': 64, 'n_layers': 5, 'lr': 0.0015056228578245567, 'dropout': 0.04246811296823696, 'weight_decay': 2.081139213809062e-06}. Best is trial 52 with value: 0.001164066684395948.
[I 2026-08-02 03:02:16,369] Trial 59 finished with value: 0.0012133744435232074 and parameters: {'hidden_dim': 64, 'n_layers': 5, 'lr': 0.001519626615844706, 'dropout': 0.039064311987480047, 'weight_decay': 2.2783431488474625e-06}. Best is trial 52 with value: 0.001164066684395948.
[I 2026-08-02 03:26:44,274] Trial 60 pruned. 
Traceback (most recent call last):
  File "/home/tau/ochabane/onera_468_crm_wall_distribution_regression_challenge_v2/.venv/lib64/python3.12/site-packages/sqlalchemy/engine/base.py", line 1969, in _exec_single_context
    self.dialect.do_execute(
  File "/home/tau/ochabane/onera_468_crm_wall_distribution_regression_challenge_v2/.venv/lib64/python3.12/site-packages/sqlalchemy/engine/default.py", line 952, in do_execute
    cursor.execute(statement, parameters)
sqlite3.OperationalError: unable to open database file

The above exception was the direct cause of the following exception:

Traceback (most recent call last):
  File "/home/tau/ochabane/onera_468_crm_wall_distribution_regression_challenge_v2/.venv/lib64/python3.12/site-packages/optuna/storages/_rdb/storage.py", line 80, in _create_scoped_session
    session.commit()
  File "/home/tau/ochabane/onera_468_crm_wall_distribution_regression_challenge_v2/.venv/lib64/python3.12/site-packages/sqlalchemy/orm/session.py", line 2035, in commit
    trans.commit(_to_root=True)
  File "<string>", line 2, in commit
  File "/home/tau/ochabane/onera_468_crm_wall_distribution_regression_challenge_v2/.venv/lib64/python3.12/site-packages/sqlalchemy/orm/state_changes.py", line 137, in _go
    ret_value = fn(self, *arg, **kw)
                ^^^^^^^^^^^^^^^^^^^^
  File "/home/tau/ochabane/onera_468_crm_wall_distribution_regression_challenge_v2/.venv/lib64/python3.12/site-packages/sqlalchemy/orm/session.py", line 1316, in commit
    self._prepare_impl()
  File "<string>", line 2, in _prepare_impl
  File "/home/tau/ochabane/onera_468_crm_wall_distribution_regression_challenge_v2/.venv/lib64/python3.12/site-packages/sqlalchemy/orm/state_changes.py", line 137, in _go
    ret_value = fn(self, *arg, **kw)
                ^^^^^^^^^^^^^^^^^^^^
  File "/home/tau/ochabane/onera_468_crm_wall_distribution_regression_challenge_v2/.venv/lib64/python3.12/site-packages/sqlalchemy/orm/session.py", line 1290, in _prepare_impl
    self.session.flush()
  File "/home/tau/ochabane/onera_468_crm_wall_distribution_regression_challenge_v2/.venv/lib64/python3.12/site-packages/sqlalchemy/orm/session.py", line 4353, in flush
    self._flush(objects)
  File "/home/tau/ochabane/onera_468_crm_wall_distribution_regression_challenge_v2/.venv/lib64/python3.12/site-packages/sqlalchemy/orm/session.py", line 4488, in _flush
    with util.safe_reraise():
         ^^^^^^^^^^^^^^^^^^^
  File "/home/tau/ochabane/onera_468_crm_wall_distribution_regression_challenge_v2/.venv/lib64/python3.12/site-packages/sqlalchemy/util/langhelpers.py", line 122, in __exit__
    raise exc_value.with_traceback(exc_tb)
  File "/home/tau/ochabane/onera_468_crm_wall_distribution_regression_challenge_v2/.venv/lib64/python3.12/site-packages/sqlalchemy/orm/session.py", line 4449, in _flush
    flush_context.execute()
  File "/home/tau/ochabane/onera_468_crm_wall_distribution_regression_challenge_v2/.venv/lib64/python3.12/site-packages/sqlalchemy/orm/unitofwork.py", line 465, in execute
    rec.execute(self)
  File "/home/tau/ochabane/onera_468_crm_wall_distribution_regression_challenge_v2/.venv/lib64/python3.12/site-packages/sqlalchemy/orm/unitofwork.py", line 641, in execute
    util.preloaded.orm_persistence.save_obj(
  File "/home/tau/ochabane/onera_468_crm_wall_distribution_regression_challenge_v2/.venv/lib64/python3.12/site-packages/sqlalchemy/orm/persistence.py", line 86, in save_obj
    _emit_update_statements(
  File "/home/tau/ochabane/onera_468_crm_wall_distribution_regression_challenge_v2/.venv/lib64/python3.12/site-packages/sqlalchemy/orm/persistence.py", line 913, in _emit_update_statements
    c = connection.execute(
        ^^^^^^^^^^^^^^^^^^^
  File "/home/tau/ochabane/onera_468_crm_wall_distribution_regression_challenge_v2/.venv/lib64/python3.12/site-packages/sqlalchemy/engine/base.py", line 1421, in execute
    return meth(
           ^^^^^
  File "/home/tau/ochabane/onera_468_crm_wall_distribution_regression_challenge_v2/.venv/lib64/python3.12/site-packages/sqlalchemy/sql/elements.py", line 526, in _execute_on_connection
    return connection._execute_clauseelement(
           ^^^^^^^^^^^^^^^^^^^^^^^^^^^^^^^^^^
  File "/home/tau/ochabane/onera_468_crm_wall_distribution_regression_challenge_v2/.venv/lib64/python3.12/site-packages/sqlalchemy/engine/base.py", line 1643, in _execute_clauseelement
    ret = self._execute_context(
          ^^^^^^^^^^^^^^^^^^^^^^
  File "/home/tau/ochabane/onera_468_crm_wall_distribution_regression_challenge_v2/.venv/lib64/python3.12/site-packages/sqlalchemy/engine/base.py", line 1848, in _execute_context
    return self._exec_single_context(
           ^^^^^^^^^^^^^^^^^^^^^^^^^^
  File "/home/tau/ochabane/onera_468_crm_wall_distribution_regression_challenge_v2/.venv/lib64/python3.12/site-packages/sqlalchemy/engine/base.py", line 1988, in _exec_single_context
    self._handle_dbapi_exception(
  File "/home/tau/ochabane/onera_468_crm_wall_distribution_regression_challenge_v2/.venv/lib64/python3.12/site-packages/sqlalchemy/engine/base.py", line 2365, in _handle_dbapi_exception
    raise sqlalchemy_exception.with_traceback(exc_info[2]) from e
  File "/home/tau/ochabane/onera_468_crm_wall_distribution_regression_challenge_v2/.venv/lib64/python3.12/site-packages/sqlalchemy/engine/base.py", line 1969, in _exec_single_context
    self.dialect.do_execute(
  File "/home/tau/ochabane/onera_468_crm_wall_distribution_regression_challenge_v2/.venv/lib64/python3.12/site-packages/sqlalchemy/engine/default.py", line 952, in do_execute
    cursor.execute(statement, parameters)
sqlalchemy.exc.OperationalError: (sqlite3.OperationalError) unable to open database file
[SQL: UPDATE trials SET state=?, datetime_complete=? WHERE trials.trial_id = ?]
[parameters: ('FAIL', '2026-08-02 03:27:45.886844', 62)]
(Background on this error at: https://sqlalche.me/e/20/e3q8)

The above exception was the direct cause of the following exception:

Traceback (most recent call last):
  File "/home/tau/ochabane/onera_468_crm_wall_distribution_regression_challenge_v2/.venv/lib64/python3.12/site-packages/optuna/study/_optimize.py", line 218, in _run_trial
    updated_state, values, warning_message = _tell_with_warning(
                                             ^^^^^^^^^^^^^^^^^^^
  File "/home/tau/ochabane/onera_468_crm_wall_distribution_regression_challenge_v2/.venv/lib64/python3.12/site-packages/optuna/study/_tell.py", line 173, in _tell_with_warning
    study._storage.set_trial_state_values(frozen_trial._trial_id, state, values)
  File "/home/tau/ochabane/onera_468_crm_wall_distribution_regression_challenge_v2/.venv/lib64/python3.12/site-packages/optuna/storages/_cached_storage.py", line 194, in set_trial_state_values
    return self._backend.set_trial_state_values(trial_id, state=state, values=values)
           ^^^^^^^^^^^^^^^^^^^^^^^^^^^^^^^^^^^^^^^^^^^^^^^^^^^^^^^^^^^^^^^^^^^^^^^^^^
  File "/home/tau/ochabane/onera_468_crm_wall_distribution_regression_challenge_v2/.venv/lib64/python3.12/site-packages/optuna/storages/_rdb/storage.py", line 679, in set_trial_state_values
    with _create_scoped_session(self.scoped_session) as session:
         ^^^^^^^^^^^^^^^^^^^^^^^^^^^^^^^^^^^^^^^^^^^
  File "/usr/lib64/python3.12/contextlib.py", line 144, in __exit__
    next(self.gen)
  File "/home/tau/ochabane/onera_468_crm_wall_distribution_regression_challenge_v2/.venv/lib64/python3.12/site-packages/optuna/storages/_rdb/storage.py", line 98, in _create_scoped_session
    raise optuna.exceptions.StorageInternalError(message) from e
optuna.exceptions.StorageInternalError: An exception is raised during the commit. This typically happens due to invalid data in the commit, e.g. exceeding max length. 

During handling of the above exception, another exception occurred:

Traceback (most recent call last):
  File "/home/tau/ochabane/onera_468_crm_wall_distribution_regression_challenge_v2/utils/tune_simple_gnn.py", line 192, in <module>
    main()
  File "/home/tau/ochabane/onera_468_crm_wall_distribution_regression_challenge_v2/utils/tune_simple_gnn.py", line 179, in main
    study.optimize(objective, n_trials=args.n_trials, timeout=args.timeout,
  File "/home/tau/ochabane/onera_468_crm_wall_distribution_regression_challenge_v2/.venv/lib64/python3.12/site-packages/optuna/study/study.py", line 516, in optimize
    _optimize(
  File "/home/tau/ochabane/onera_468_crm_wall_distribution_regression_challenge_v2/.venv/lib64/python3.12/site-packages/optuna/study/_optimize.py", line 68, in _optimize
    _optimize_sequential(
  File "/home/tau/ochabane/onera_468_crm_wall_distribution_regression_challenge_v2/.venv/lib64/python3.12/site-packages/optuna/study/_optimize.py", line 165, in _optimize_sequential
    frozen_trial_id = _run_trial(study, func, catch)
                      ^^^^^^^^^^^^^^^^^^^^^^^^^^^^^^
  File "/home/tau/ochabane/onera_468_crm_wall_distribution_regression_challenge_v2/.venv/lib64/python3.12/site-packages/optuna/study/_optimize.py", line 256, in _run_trial
    assert False, "Should not reach."
           ^^^^^
AssertionError: Should not reach.
