/home/tau/ochabane/onera_468_crm_wall_distribution_regression_challenge_v2/utils/train_simple_gnn.py:51: UserWarning: The given NumPy array is not writable, and PyTorch does not support non-writable tensors. This means writing to this tensor will result in undefined behavior. You may want to copy the array to protect its data or make it writable before converting it to a tensor. This type of warning will be suppressed for the rest of this program. (Triggered internally at /pytorch/torch/csrc/utils/tensor_numpy.cpp:213.)
  coords = torch.from_numpy(np.asarray(X[:NWALLP, :3])).float()
[I 2026-08-03 00:56:57,140] Using an existing study with name 'simple_gnn_splitv3' instead of creating a new one.
[I 2026-08-03 01:58:13,940] Trial 62 finished with value: 0.001292754787755257 and parameters: {'hidden_dim': 64, 'n_layers': 5, 'lr': 0.0014425317932726725, 'dropout': 0.015169639717815972, 'weight_decay': 1.0040228350518212e-06}. Best is trial 52 with value: 0.001164066684395948.
[I 2026-08-03 02:22:42,744] Trial 63 pruned. 
[I 2026-08-03 03:08:37,933] Trial 64 finished with value: 0.001838165591834695 and parameters: {'hidden_dim': 64, 'n_layers': 5, 'lr': 0.002012152081233644, 'dropout': 0.015044902634584738, 'weight_decay': 3.92680315334472e-06}. Best is trial 52 with value: 0.001164066684395948.
[I 2026-08-03 04:09:52,219] Trial 65 finished with value: 0.0010812308701133588 and parameters: {'hidden_dim': 64, 'n_layers': 5, 'lr': 0.0010315204145019904, 'dropout': 0.04488877589543919, 'weight_decay': 2.503177453309119e-06}. Best is trial 65 with value: 0.0010812308701133588.
[I 2026-08-03 04:43:20,676] Trial 66 pruned. 
[I 2026-08-03 05:02:42,833] Trial 67 pruned. 
[I 2026-08-03 06:03:55,377] Trial 68 finished with value: 0.0013595309283118695 and parameters: {'hidden_dim': 64, 'n_layers': 5, 'lr': 0.0023227495635556317, 'dropout': 0.07649289437750335, 'weight_decay': 3.6437664715690615e-06}. Best is trial 65 with value: 0.0010812308701133588.
[I 2026-08-03 06:50:51,581] Trial 69 finished with value: 0.0012361894550849684 and parameters: {'hidden_dim': 64, 'n_layers': 4, 'lr': 0.0008814307651594562, 'dropout': 0.10378708370594868, 'weight_decay': 2.484665303036991e-06}. Best is trial 65 with value: 0.0010812308701133588.
[I 2026-08-03 07:37:48,055] Trial 70 finished with value: 0.0012426032280927757 and parameters: {'hidden_dim': 64, 'n_layers': 4, 'lr': 0.0008768660669816626, 'dropout': 0.10250379741782455, 'weight_decay': 4.6755469061613785e-06}. Best is trial 65 with value: 0.0010812308701133588.
[I 2026-08-03 07:56:33,971] Trial 71 pruned. 
[I 2026-08-03 08:15:19,254] Trial 72 pruned. 
[I 2026-08-03 08:30:09,926] Trial 73 pruned. 
[I 2026-08-03 09:17:04,551] Trial 74 finished with value: 0.0013242825316410745 and parameters: {'hidden_dim': 64, 'n_layers': 4, 'lr': 0.0011658539973244365, 'dropout': 0.037051352993884026, 'weight_decay': 3.296259850592148e-06}. Best is trial 65 with value: 0.0010812308701133588.
[I 2026-08-03 09:32:21,269] Trial 75 pruned. 
[I 2026-08-03 10:19:14,585] Trial 76 finished with value: 0.001282816258026287 and parameters: {'hidden_dim': 64, 'n_layers': 4, 'lr': 0.001760380331329108, 'dropout': 0.1377522047303017, 'weight_decay': 2.178752948466418e-06}. Best is trial 65 with value: 0.0010812308701133588.
[I 2026-08-03 11:06:09,775] Trial 77 finished with value: 0.0012425325276126387 and parameters: {'hidden_dim': 64, 'n_layers': 4, 'lr': 0.0010447955904411448, 'dropout': 0.09099727959241971, 'weight_decay': 1.6471269129061674e-06}. Best is trial 65 with value: 0.0010812308701133588.
[I 2026-08-03 11:53:03,413] Trial 78 finished with value: 0.0011747357866624952 and parameters: {'hidden_dim': 64, 'n_layers': 4, 'lr': 0.0012384214009805148, 'dropout': 0.08329375469481537, 'weight_decay': 1.7078944682079324e-06}. Best is trial 65 with value: 0.0010812308701133588.
[I 2026-08-03 12:39:57,171] Trial 79 finished with value: 0.001130150411881914 and parameters: {'hidden_dim': 64, 'n_layers': 4, 'lr': 0.0012661833380577154, 'dropout': 0.05324488881075923, 'weight_decay': 1.8302465803750864e-06}. Best is trial 65 with value: 0.0010812308701133588.
